Arguments: 
  /Users/fan/.nvm/versions/node/v14.19.3/bin/node /opt/homebrew/Cellar/yarn/1.22.19/libexec/bin/yarn.js

PATH: 
  /Users/fan/bin:/Users/fan/.g/go/bin:/opt/homebrew/Cellar/pyenv-virtualenv/1.1.5/shims:/Users/fan/.pyenv/shims:/bin:/Users/fan/.nvm/versions/node/v14.19.3/bin:/opt/homebrew/bin:/opt/homebrew/sbin:/usr/local/bin:/usr/bin:/bin:/usr/sbin:/sbin:/usr/local/aria2/bin:/Users/fan/bin:/Users/fan/.g/go/bin:/opt/homebrew/Cellar/pyenv-virtualenv/1.1.5/shims:/Users/fan/.nvm/versions/node/v14.19.3/bin:/opt/homebrew/bin:/opt/homebrew/sbin:/Users/fan/.cargo/bin:/Users/fan/.fig/bin:/Users/fan/.local/bin:/Users/fan/Library/maven/apache-maven-3.3.9/bin:/Users/fan/Library/maven/apache-maven-3.3.9/bin

Yarn version: 
  1.22.19

Node version: 
  14.19.3

Platform: 
  darwin x64

Trace: 
  Error: https://registry.npmjs.org/@poster-render%2ftaro-reac: Not found
      at Request.params.callback [as _callback] (/opt/homebrew/Cellar/yarn/1.22.19/libexec/lib/cli.js:66145:18)
      at Request.self.callback (/opt/homebrew/Cellar/yarn/1.22.19/libexec/lib/cli.js:140890:22)
      at Request.emit (events.js:400:28)
      at Request.<anonymous> (/opt/homebrew/Cellar/yarn/1.22.19/libexec/lib/cli.js:141862:10)
      at Request.emit (events.js:400:28)
      at IncomingMessage.<anonymous> (/opt/homebrew/Cellar/yarn/1.22.19/libexec/lib/cli.js:141784:12)
      at Object.onceWrapper (events.js:519:28)
      at IncomingMessage.emit (events.js:412:35)
      at endReadableNT (internal/streams/readable.js:1333:12)
      at processTicksAndRejections (internal/process/task_queues.js:82:21)

npm manifest: 
  {
    "name": "taro-example-react",
    "version": "1.0.5",
    "private": true,
    "description": "demo",
    "templateInfo": {
      "name": "default",
      "typescript": true,
      "css": "none"
    },
    "scripts": {
      "build:weapp": "taro build --type weapp",
      "build:swan": "taro build --type swan",
      "build:alipay": "taro build --type alipay",
      "build:tt": "taro build --type tt",
      "build:h5": "taro build --type h5",
      "build:rn": "taro build --type rn",
      "build:qq": "taro build --type qq",
      "build:jd": "taro build --type jd",
      "build:quickapp": "taro build --type quickapp",
      "dev:weapp": "npm run build:weapp -- --watch",
      "dev:swan": "npm run build:swan -- --watch",
      "dev:alipay": "npm run build:alipay -- --watch",
      "dev:tt": "npm run build:tt -- --watch",
      "dev:h5": "npm run build:h5 -- --watch",
      "dev:rn": "npm run build:rn -- --watch",
      "dev:qq": "npm run build:qq -- --watch",
      "dev:jd": "npm run build:jd -- --watch",
      "dev:quickapp": "npm run build:quickapp -- --watch"
    },
    "browserslist": [
      "last 3 versions",
      "Android >= 4.1",
      "ios >= 8"
    ],
    "author": "",
    "dependencies": {
      "@babel/runtime": "^7.7.7",
      "@tarojs/components": "3.4.13",
      "@tarojs/react": "3.4.13",
      "@tarojs/runtime": "3.4.13",
      "@tarojs/taro": "3.4.13",
      "react": "^17.0.0",
      "react-dom": "^17.0.0",
      "@poster-render/taro-reac": "^3.1.0"
    },
    "devDependencies": {
      "@babel/core": "^7.8.0",
      "@tarojs/cli": "3.4.13",
      "@tarojs/mini-runner": "3.4.13",
      "@tarojs/plugin-framework-react": "3.4.13",
      "@tarojs/webpack-runner": "3.4.13",
      "@types/react": "^17.0.2",
      "@types/webpack-env": "^1.13.6",
      "@typescript-eslint/eslint-plugin": "^4.15.1",
      "@typescript-eslint/parser": "^4.15.1",
      "babel-preset-taro": "3.4.13",
      "eslint": "^6.8.0",
      "eslint-config-taro": "3.4.13",
      "eslint-plugin-import": "^2.12.0",
      "eslint-plugin-react": "^7.8.2",
      "eslint-plugin-react-hooks": "^4.2.0",
      "stylelint": "9.3.0",
      "typescript": "^4.1.0"
    }
  }

yarn manifest: 
  No manifest

Lockfile: 
  No lockfile
